{"/Users/berson969/Library/Mobile Documents/com~apple~CloudDocs/WebstormProjects/hjs-forms/src/js/tooltip.js": {"path":"/Users/berson969/Library/Mobile Documents/com~apple~CloudDocs/WebstormProjects/hjs-forms/src/js/tooltip.js","statementMap":{"0":{"start":{"line":11,"column":4},"end":{"line":11,"column":31}},"1":{"start":{"line":18,"column":4},"end":{"line":18,"column":24}},"2":{"start":{"line":19,"column":4},"end":{"line":21,"column":7}},"3":{"start":{"line":20,"column":6},"end":{"line":20,"column":27}},"4":{"start":{"line":30,"column":26},"end":{"line":30,"column":58}},"5":{"start":{"line":31,"column":4},"end":{"line":31,"column":49}},"6":{"start":{"line":32,"column":4},"end":{"line":32,"column":46}},"7":{"start":{"line":33,"column":4},"end":{"line":33,"column":58}},"8":{"start":{"line":34,"column":4},"end":{"line":34,"column":25}},"9":{"start":{"line":43,"column":27},"end":{"line":43,"column":56}},"10":{"start":{"line":44,"column":4},"end":{"line":44,"column":61}},"11":{"start":{"line":45,"column":4},"end":{"line":46,"column":68}},"12":{"start":{"line":47,"column":4},"end":{"line":47,"column":26}},"13":{"start":{"line":56,"column":4},"end":{"line":56,"column":17}},"14":{"start":{"line":58,"column":4},"end":{"line":58,"column":48}},"15":{"start":{"line":59,"column":4},"end":{"line":59,"column":50}},"16":{"start":{"line":61,"column":4},"end":{"line":61,"column":56}},"17":{"start":{"line":62,"column":4},"end":{"line":62,"column":51}},"18":{"start":{"line":63,"column":4},"end":{"line":63,"column":26}},"19":{"start":{"line":70,"column":4},"end":{"line":70,"column":51}},"20":{"start":{"line":77,"column":4},"end":{"line":79,"column":5}},"21":{"start":{"line":78,"column":6},"end":{"line":78,"column":60}}},"fnMap":{"0":{"name":"(anonymous_0)","decl":{"start":{"line":10,"column":2},"end":{"line":10,"column":3}},"loc":{"start":{"line":10,"column":25},"end":{"line":12,"column":3}},"line":10},"1":{"name":"(anonymous_1)","decl":{"start":{"line":17,"column":2},"end":{"line":17,"column":3}},"loc":{"start":{"line":17,"column":14},"end":{"line":22,"column":3}},"line":17},"2":{"name":"(anonymous_2)","decl":{"start":{"line":19,"column":49},"end":{"line":19,"column":50}},"loc":{"start":{"line":19,"column":55},"end":{"line":21,"column":5}},"line":19},"3":{"name":"(anonymous_3)","decl":{"start":{"line":29,"column":2},"end":{"line":29,"column":3}},"loc":{"start":{"line":29,"column":24},"end":{"line":35,"column":3}},"line":29},"4":{"name":"(anonymous_4)","decl":{"start":{"line":42,"column":2},"end":{"line":42,"column":3}},"loc":{"start":{"line":42,"column":25},"end":{"line":48,"column":3}},"line":42},"5":{"name":"(anonymous_5)","decl":{"start":{"line":55,"column":2},"end":{"line":55,"column":3}},"loc":{"start":{"line":55,"column":17},"end":{"line":64,"column":3}},"line":55},"6":{"name":"(anonymous_6)","decl":{"start":{"line":69,"column":2},"end":{"line":69,"column":3}},"loc":{"start":{"line":69,"column":18},"end":{"line":71,"column":3}},"line":69},"7":{"name":"(anonymous_7)","decl":{"start":{"line":76,"column":2},"end":{"line":76,"column":3}},"loc":{"start":{"line":76,"column":10},"end":{"line":80,"column":3}},"line":76}},"branchMap":{},"s":{"0":1,"1":0,"2":0,"3":0,"4":1,"5":1,"6":1,"7":1,"8":1,"9":1,"10":1,"11":1,"12":1,"13":1,"14":1,"15":1,"16":1,"17":1,"18":1,"19":0,"20":1,"21":0},"f":{"0":1,"1":0,"2":0,"3":1,"4":1,"5":1,"6":0,"7":1},"b":{},"_coverageSchema":"1a1c01bbd47fc00a2c39e90264f33305004495a9","hash":"f0ac7c9c0a65aa372970332009447629f97b7e3b"}
}
